<?xml version="1.0" encoding="UTF-8"?>
<!-- Generated by org.testng.reporters.JUnitXMLReporter -->
<testsuite ignored="0" hostname="ARPGL000981" failures="0" tests="5" name="Car Loan" time="0.09" errors="0" timestamp="2024-04-30T09:38:59 IST">
  <testcase classname="test.Day3" name="apiLoginCarLoan" time="0.006"/>
  <testcase classname="test.Day3" name="mobileLoginCarLoan" time="0.004"/>
  <testcase classname="test.Day3" name="webLoginCarLoan" time="0.002"/>
  <testcase classname="test.Day3" name="webLoginCarLoan" time="0.001"/>
  <testcase classname="test.Day3" name="webLoginCarLoan" time="0.003"/>
</testsuite> <!-- Car Loan -->
