<?xml version="1.0" encoding="UTF-8"?>
<!-- Generated by org.testng.reporters.JUnitXMLReporter -->
<testsuite ignored="2" hostname="ARPGL000981" failures="0" tests="1" name="Home Loan" time="0.01" errors="0" timestamp="2024-04-30T09:38:59 IST">
  <testcase classname="test.Day4" name="apiLoginHomeLoan" time="0.002"/>
  <testcase classname="test.Day4" name="webLoginHomeLoan" time="0.0">
    <ignored/>
  </testcase> <!-- webLoginHomeLoan -->
  <testcase classname="test.Day4" name="mobileLoginHomeLoan" time="0.0">
    <ignored/>
  </testcase> <!-- mobileLoginHomeLoan -->
</testsuite> <!-- Home Loan -->
