<?xml version="1.0" encoding="UTF-8"?>
<!-- Generated by org.testng.reporters.JUnitXMLReporter -->
<testsuite ignored="0" hostname="ARPGL000981" failures="0" tests="6" name="Test" time="0.109" errors="0" timestamp="2024-04-29T11:12:03 IST">
  <testcase classname="test.Day1" name="loginPLMobile" time="0.015"/>
  <testcase classname="test.Day1" name="loginPLWeb" time="0.003"/>
  <testcase classname="test.Day2" name="loginPLAPI" time="0.002"/>
  <testcase classname="test.Day3" name="loginCarLoanAPI" time="0.002"/>
  <testcase classname="test.Day3" name="loginCarLoanMobile" time="0.001"/>
  <testcase classname="test.Day3" name="loginCarLoanWeb" time="0.001"/>
</testsuite> <!-- Test -->
