<?xml version="1.0" encoding="UTF-8"?>
<testng-results ignored="0" total="1" passed="1" failed="0" skipped="0">
  <reporter-output>
  </reporter-output>
  <suite started-at="2024-04-30T15:04:39 IST" name="Default suite" finished-at="2024-04-30T15:04:39 IST" duration-ms="70">
    <groups>
    </groups>
    <test started-at="2024-04-30T15:04:39 IST" name="Default test" finished-at="2024-04-30T15:04:39 IST" duration-ms="70">
      <class name="Inheritance.PS2">
        <test-method signature="testRun()[pri:0, instance:Inheritance.PS2@6631f5ca]" started-at="2024-04-30T15:04:39 IST" name="testRun" finished-at="2024-04-30T15:04:39 IST" duration-ms="15" status="PASS">
          <reporter-output>
          </reporter-output>
        </test-method> <!-- testRun -->
      </class> <!-- Inheritance.PS2 -->
    </test> <!-- Default test -->
  </suite> <!-- Default suite -->
</testng-results>
